build/app/intermediates/manifest_merge_blame_file/debug/manifest-merger-blame-debug-report.txt
1<?xml version="1.0" encoding="utf-8"?>
2<manifest xmlns:android="http://schemas.android.com/apk/res/android"
3    package="com.mycompany.appmecanicos"
4    android:versionCode="1"
5    android:versionName="1.0.0" >
6
7    <uses-sdk
8        android:minSdkVersion="21"
9        android:targetSdkVersion="34" />
10    <!--
11         Flutter needs it to communicate with the running application
12         to allow setting breakpoints, to provide hot reload, etc.
13    -->
14    <uses-permission android:name="android.permission.INTERNET" />
14-->src\main\AndroidManifest.xml:4:5-66
14-->src\main\AndroidManifest.xml:4:22-64
15    <uses-permission android:name="android.permission.CAMERA" />
15-->src\main\AndroidManifest.xml:5:5-64
15-->src\main\AndroidManifest.xml:5:22-62
16    <uses-permission android:name="android.permission.RECORD_AUDIO" />
16-->src\main\AndroidManifest.xml:6:5-71
16-->src\main\AndroidManifest.xml:6:22-68
17    <uses-permission
17-->src\main\AndroidManifest.xml:8:5-80
18        android:name="android.permission.READ_EXTERNAL_STORAGE"
18-->src\main\AndroidManifest.xml:8:22-77
19        android:maxSdkVersion="32" />
19-->[:file_picker] AndroidManifest.xml:11:9-35
20    <uses-permission android:name="android.permission.WRITE_EXTERNAL_STORAGE" />
20-->src\main\AndroidManifest.xml:9:5-81
20-->src\main\AndroidManifest.xml:9:22-78
21
22    <queries>
22-->[:file_picker] AndroidManifest.xml:13:5-19:15
23        <intent>
23-->[:file_picker] AndroidManifest.xml:14:9-18:18
24            <action android:name="android.intent.action.GET_CONTENT" />
24-->[:file_picker] AndroidManifest.xml:15:13-72
24-->[:file_picker] AndroidManifest.xml:15:21-69
25
26            <data android:mimeType="*/*" />
26-->src\main\AndroidManifest.xml:52:17-87
27        </intent>
28        <!-- Needs to be explicitly declared on Android R+ -->
29        <package android:name="com.google.android.apps.maps" />
29-->[com.google.android.gms:play-services-maps:18.2.0] AndroidManifest.xml:33:9-64
29-->[com.google.android.gms:play-services-maps:18.2.0] AndroidManifest.xml:33:18-61
30    </queries>
31
32    <uses-feature android:name="android.hardware.camera" />
32-->[:flutter_barcode_scanner] AndroidManifest.xml:11:5-60
32-->[:flutter_barcode_scanner] AndroidManifest.xml:11:19-57
33
34    <uses-permission android:name="android.permission.FLASHLIGHT" />
34-->[:flutter_barcode_scanner] AndroidManifest.xml:13:5-69
34-->[:flutter_barcode_scanner] AndroidManifest.xml:13:22-66
35    <uses-permission android:name="android.permission.FOREGROUND_SERVICE" />
35-->[:assets_audio_player] AndroidManifest.xml:9:5-77
35-->[:assets_audio_player] AndroidManifest.xml:9:22-74
36    <uses-permission android:name="android.permission.VIBRATE" />
36-->[:assets_audio_player] AndroidManifest.xml:10:5-66
36-->[:assets_audio_player] AndroidManifest.xml:10:22-63
37    <uses-permission android:name="android.permission.WAKE_LOCK" />
37-->[:assets_audio_player] AndroidManifest.xml:11:5-68
37-->[:assets_audio_player] AndroidManifest.xml:11:22-65
38    <uses-permission android:name="android.permission.READ_PHONE_STATE" /> <!-- Include required permissions for Google Maps API to run. -->
39    <uses-permission android:name="android.permission.ACCESS_NETWORK_STATE" />
39-->[com.google.android.gms:play-services-maps:18.2.0] AndroidManifest.xml:23:5-79
39-->[com.google.android.gms:play-services-maps:18.2.0] AndroidManifest.xml:23:22-76
40
41    <uses-feature
41-->[com.google.android.gms:play-services-maps:18.2.0] AndroidManifest.xml:26:5-28:35
42        android:glEsVersion="0x00020000"
42-->[com.google.android.gms:play-services-maps:18.2.0] AndroidManifest.xml:27:9-41
43        android:required="true" />
43-->[com.google.android.gms:play-services-maps:18.2.0] AndroidManifest.xml:28:9-32
44
45    <permission
45-->[androidx.core:core:1.10.1] AndroidManifest.xml:22:5-24:47
46        android:name="com.mycompany.appmecanicos.DYNAMIC_RECEIVER_NOT_EXPORTED_PERMISSION"
46-->[androidx.core:core:1.10.1] AndroidManifest.xml:23:9-81
47        android:protectionLevel="signature" />
47-->[androidx.core:core:1.10.1] AndroidManifest.xml:24:9-44
48
49    <uses-permission android:name="com.mycompany.appmecanicos.DYNAMIC_RECEIVER_NOT_EXPORTED_PERMISSION" />
49-->[androidx.core:core:1.10.1] AndroidManifest.xml:26:5-97
49-->[androidx.core:core:1.10.1] AndroidManifest.xml:26:22-94
50
51    <application
51-->src\main\AndroidManifest.xml:11:5-65:19
52        android:appComponentFactory="androidx.core.app.CoreComponentFactory"
52-->[androidx.core:core:1.10.1] AndroidManifest.xml:28:18-86
53        android:debuggable="true"
54        android:icon="@mipmap/ic_launcher"
54-->src\main\AndroidManifest.xml:14:9-43
55        android:label="App Mecanicos"
55-->src\main\AndroidManifest.xml:12:9-38
56        android:largeHeap="true"
56-->[:flutter_barcode_scanner] AndroidManifest.xml:16:9-33
57        android:requestLegacyExternalStorage="true"
57-->src\main\AndroidManifest.xml:15:9-52
58        android:theme="@style/Theme.AppCompat.NoActionBar" >
58-->[:flutter_barcode_scanner] AndroidManifest.xml:17:9-59
59        <activity
59-->src\main\AndroidManifest.xml:17:9-55:20
60            android:name="com.mycompany.appmecanicos.MainActivity"
60-->src\main\AndroidManifest.xml:18:13-41
61            android:configChanges="orientation|keyboardHidden|keyboard|screenSize|smallestScreenSize|locale|layoutDirection|fontScale|screenLayout|density|uiMode"
61-->src\main\AndroidManifest.xml:22:13-163
62            android:exported="true"
62-->src\main\AndroidManifest.xml:19:13-36
63            android:hardwareAccelerated="true"
63-->src\main\AndroidManifest.xml:23:13-47
64            android:launchMode="singleTop"
64-->src\main\AndroidManifest.xml:20:13-43
65            android:theme="@style/LaunchTheme"
65-->src\main\AndroidManifest.xml:21:13-47
66            android:windowSoftInputMode="adjustResize" >
66-->src\main\AndroidManifest.xml:24:13-55
67
68            <!--
69                 Specifies an Android theme to apply to this Activity as soon as
70                 the Android process has started. This theme is visible to the user
71                 while the Flutter UI initializes. After that, this theme continues
72                 to determine the Window background behind the Flutter UI.
73            -->
74            <meta-data
74-->src\main\AndroidManifest.xml:29:13-32:17
75                android:name="io.flutter.embedding.android.NormalTheme"
75-->src\main\AndroidManifest.xml:30:15-70
76                android:resource="@style/NormalTheme" />
76-->src\main\AndroidManifest.xml:31:15-52
77            <!--
78                 Displays an Android View that continues showing the launch screen
79                 Drawable until Flutter paints its first frame, then this splash
80                 screen fades out. A splash screen is useful to avoid any visual
81                 gap between the end of Android's launch screen and the painting of
82                 Flutter's first frame.
83            -->
84            <meta-data
84-->src\main\AndroidManifest.xml:38:13-41:17
85                android:name="io.flutter.embedding.android.SplashScreenDrawable"
85-->src\main\AndroidManifest.xml:39:15-79
86                android:resource="@drawable/launch_background" />
86-->src\main\AndroidManifest.xml:40:15-61
87
88            <intent-filter>
88-->src\main\AndroidManifest.xml:42:13-45:29
89                <action android:name="android.intent.action.MAIN" />
89-->src\main\AndroidManifest.xml:43:17-68
89-->src\main\AndroidManifest.xml:43:25-66
90
91                <category android:name="android.intent.category.LAUNCHER" />
91-->src\main\AndroidManifest.xml:44:17-76
91-->src\main\AndroidManifest.xml:44:27-74
92            </intent-filter>
93            <!-- Deep linking -->
94            <meta-data
94-->src\main\AndroidManifest.xml:47:13-90
95                android:name="flutter_deeplinking_enabled"
95-->src\main\AndroidManifest.xml:47:24-66
96                android:value="true" />
96-->src\main\AndroidManifest.xml:47:67-87
97
98            <intent-filter android:autoVerify="true" >
98-->src\main\AndroidManifest.xml:48:13-53:29
98-->src\main\AndroidManifest.xml:48:28-53
99                <action android:name="android.intent.action.VIEW" />
99-->src\main\AndroidManifest.xml:49:17-69
99-->src\main\AndroidManifest.xml:49:25-66
100
101                <category android:name="android.intent.category.DEFAULT" />
101-->src\main\AndroidManifest.xml:50:17-76
101-->src\main\AndroidManifest.xml:50:27-73
102                <category android:name="android.intent.category.BROWSABLE" />
102-->src\main\AndroidManifest.xml:51:17-78
102-->src\main\AndroidManifest.xml:51:27-75
103
104                <data
104-->src\main\AndroidManifest.xml:52:17-87
105                    android:host="appmecanicos.com"
105-->src\main\AndroidManifest.xml:52:53-84
106                    android:scheme="appmecanicos" />
106-->src\main\AndroidManifest.xml:52:23-52
107            </intent-filter>
108        </activity>
109
110        <!--
111             Don't delete the meta-data below.
112             This is used by the Flutter tool to generate GeneratedPluginRegistrant.java
113        -->
114        <meta-data
114-->src\main\AndroidManifest.xml:59:9-61:33
115            android:name="flutterEmbedding"
115-->src\main\AndroidManifest.xml:60:13-44
116            android:value="2" />
116-->src\main\AndroidManifest.xml:61:13-30
117        <meta-data
117-->src\main\AndroidManifest.xml:62:9-123
118            android:name="com.google.android.geo.API_KEY"
118-->src\main\AndroidManifest.xml:62:20-65
119            android:value="AIzaSyBWyvicy8qZk8DGqBBHmN74I2x6_f9QNfU" />
119-->src\main\AndroidManifest.xml:62:66-121
120
121        <activity android:name="com.amolg.flutterbarcodescanner.BarcodeCaptureActivity" />
121-->[:flutter_barcode_scanner] AndroidManifest.xml:18:9-91
121-->[:flutter_barcode_scanner] AndroidManifest.xml:18:19-88
122
123        <provider
123-->[:image_picker_android] AndroidManifest.xml:10:9-18:20
124            android:name="io.flutter.plugins.imagepicker.ImagePickerFileProvider"
124-->[:image_picker_android] AndroidManifest.xml:11:13-82
125            android:authorities="com.mycompany.appmecanicos.flutter.image_provider"
125-->[:image_picker_android] AndroidManifest.xml:12:13-74
126            android:exported="false"
126-->[:image_picker_android] AndroidManifest.xml:13:13-37
127            android:grantUriPermissions="true" >
127-->[:image_picker_android] AndroidManifest.xml:14:13-47
128            <meta-data
128-->[:image_picker_android] AndroidManifest.xml:15:13-17:75
129                android:name="android.support.FILE_PROVIDER_PATHS"
129-->[:image_picker_android] AndroidManifest.xml:16:17-67
130                android:resource="@xml/flutter_image_picker_file_paths" />
130-->[:image_picker_android] AndroidManifest.xml:17:17-72
131        </provider>
132
133        <activity
133-->[:url_launcher_android] AndroidManifest.xml:10:9-13:74
134            android:name="io.flutter.plugins.urllauncher.WebViewActivity"
134-->[:url_launcher_android] AndroidManifest.xml:11:13-74
135            android:exported="false"
135-->[:url_launcher_android] AndroidManifest.xml:12:13-37
136            android:theme="@android:style/Theme.NoTitleBar.Fullscreen" />
136-->[:url_launcher_android] AndroidManifest.xml:13:13-71
137
138        <receiver
138-->[:assets_audio_player] AndroidManifest.xml:14:9-20:20
139            android:name="com.github.florent37.assets_audio_player.notification.NotificationActionReceiver"
139-->[:assets_audio_player] AndroidManifest.xml:15:13-108
140            android:exported="true" >
140-->[:assets_audio_player] AndroidManifest.xml:16:13-36
141            <intent-filter>
141-->[:assets_audio_player] AndroidManifest.xml:17:13-19:29
142                <action android:name="android.intent.action.MEDIA_BUTTON" />
142-->[:assets_audio_player] AndroidManifest.xml:18:17-77
142-->[:assets_audio_player] AndroidManifest.xml:18:25-74
143            </intent-filter>
144        </receiver>
145        <receiver
145-->[:assets_audio_player] AndroidManifest.xml:21:9-27:20
146            android:name="com.github.florent37.assets_audio_player.notification.CustomMediaButtonReceiver"
146-->[:assets_audio_player] AndroidManifest.xml:22:13-107
147            android:exported="true" >
147-->[:assets_audio_player] AndroidManifest.xml:23:13-36
148            <intent-filter>
148-->[:assets_audio_player] AndroidManifest.xml:17:13-19:29
149                <action android:name="android.intent.action.MEDIA_BUTTON" />
149-->[:assets_audio_player] AndroidManifest.xml:18:17-77
149-->[:assets_audio_player] AndroidManifest.xml:18:25-74
150            </intent-filter>
151        </receiver>
152
153        <service
153-->[:assets_audio_player] AndroidManifest.xml:29:9-40:19
154            android:name="com.github.florent37.assets_audio_player.notification.NotificationService"
154-->[:assets_audio_player] AndroidManifest.xml:30:13-101
155            android:enabled="true"
155-->[:assets_audio_player] AndroidManifest.xml:31:13-35
156            android:exported="true"
156-->[:assets_audio_player] AndroidManifest.xml:32:13-36
157            android:foregroundServiceType="mediaPlayback" >
157-->[:assets_audio_player] AndroidManifest.xml:33:13-58
158            <intent-filter>
158-->[:assets_audio_player] AndroidManifest.xml:34:13-36:29
159                <action android:name="android.media.browse.MediaBrowserService" />
159-->[:assets_audio_player] AndroidManifest.xml:35:17-83
159-->[:assets_audio_player] AndroidManifest.xml:35:25-80
160            </intent-filter>
161            <intent-filter>
161-->[:assets_audio_player] AndroidManifest.xml:17:13-19:29
162                <action android:name="android.intent.action.MEDIA_BUTTON" />
162-->[:assets_audio_player] AndroidManifest.xml:18:17-77
162-->[:assets_audio_player] AndroidManifest.xml:18:25-74
163            </intent-filter>
164        </service> <!-- Needs to be explicitly declared on P+ -->
165        <uses-library
165-->[com.google.android.gms:play-services-maps:18.2.0] AndroidManifest.xml:39:9-41:40
166            android:name="org.apache.http.legacy"
166-->[com.google.android.gms:play-services-maps:18.2.0] AndroidManifest.xml:40:13-50
167            android:required="false" />
167-->[com.google.android.gms:play-services-maps:18.2.0] AndroidManifest.xml:41:13-37
168
169        <activity
169-->[com.google.android.gms:play-services-base:18.0.1] AndroidManifest.xml:20:9-22:45
170            android:name="com.google.android.gms.common.api.GoogleApiActivity"
170-->[com.google.android.gms:play-services-base:18.0.1] AndroidManifest.xml:20:19-85
171            android:exported="false"
171-->[com.google.android.gms:play-services-base:18.0.1] AndroidManifest.xml:22:19-43
172            android:theme="@android:style/Theme.Translucent.NoTitleBar" />
172-->[com.google.android.gms:play-services-base:18.0.1] AndroidManifest.xml:21:19-78
173
174        <meta-data
174-->[com.google.android.gms:play-services-basement:18.0.0] AndroidManifest.xml:21:9-23:69
175            android:name="com.google.android.gms.version"
175-->[com.google.android.gms:play-services-basement:18.0.0] AndroidManifest.xml:22:13-58
176            android:value="@integer/google_play_services_version" />
176-->[com.google.android.gms:play-services-basement:18.0.0] AndroidManifest.xml:23:13-66
177
178        <uses-library
178-->[androidx.window:window:1.0.0-beta04] AndroidManifest.xml:25:9-27:40
179            android:name="androidx.window.extensions"
179-->[androidx.window:window:1.0.0-beta04] AndroidManifest.xml:26:13-54
180            android:required="false" />
180-->[androidx.window:window:1.0.0-beta04] AndroidManifest.xml:27:13-37
181        <uses-library
181-->[androidx.window:window:1.0.0-beta04] AndroidManifest.xml:28:9-30:40
182            android:name="androidx.window.sidecar"
182-->[androidx.window:window:1.0.0-beta04] AndroidManifest.xml:29:13-51
183            android:required="false" />
183-->[androidx.window:window:1.0.0-beta04] AndroidManifest.xml:30:13-37
184
185        <provider
185-->[androidx.profileinstaller:profileinstaller:1.3.0] AndroidManifest.xml:24:9-32:20
186            android:name="androidx.startup.InitializationProvider"
186-->[androidx.profileinstaller:profileinstaller:1.3.0] AndroidManifest.xml:25:13-67
187            android:authorities="com.mycompany.appmecanicos.androidx-startup"
187-->[androidx.profileinstaller:profileinstaller:1.3.0] AndroidManifest.xml:26:13-68
188            android:exported="false" >
188-->[androidx.profileinstaller:profileinstaller:1.3.0] AndroidManifest.xml:27:13-37
189            <meta-data
189-->[androidx.profileinstaller:profileinstaller:1.3.0] AndroidManifest.xml:29:13-31:52
190                android:name="androidx.profileinstaller.ProfileInstallerInitializer"
190-->[androidx.profileinstaller:profileinstaller:1.3.0] AndroidManifest.xml:30:17-85
191                android:value="androidx.startup" />
191-->[androidx.profileinstaller:profileinstaller:1.3.0] AndroidManifest.xml:31:17-49
192        </provider>
193
194        <receiver
194-->[androidx.profileinstaller:profileinstaller:1.3.0] AndroidManifest.xml:34:9-52:20
195            android:name="androidx.profileinstaller.ProfileInstallReceiver"
195-->[androidx.profileinstaller:profileinstaller:1.3.0] AndroidManifest.xml:35:13-76
196            android:directBootAware="false"
196-->[androidx.profileinstaller:profileinstaller:1.3.0] AndroidManifest.xml:36:13-44
197            android:enabled="true"
197-->[androidx.profileinstaller:profileinstaller:1.3.0] AndroidManifest.xml:37:13-35
198            android:exported="true"
198-->[androidx.profileinstaller:profileinstaller:1.3.0] AndroidManifest.xml:38:13-36
199            android:permission="android.permission.DUMP" >
199-->[androidx.profileinstaller:profileinstaller:1.3.0] AndroidManifest.xml:39:13-57
200            <intent-filter>
200-->[androidx.profileinstaller:profileinstaller:1.3.0] AndroidManifest.xml:40:13-42:29
201                <action android:name="androidx.profileinstaller.action.INSTALL_PROFILE" />
201-->[androidx.profileinstaller:profileinstaller:1.3.0] AndroidManifest.xml:41:17-91
201-->[androidx.profileinstaller:profileinstaller:1.3.0] AndroidManifest.xml:41:25-88
202            </intent-filter>
203            <intent-filter>
203-->[androidx.profileinstaller:profileinstaller:1.3.0] AndroidManifest.xml:43:13-45:29
204                <action android:name="androidx.profileinstaller.action.SKIP_FILE" />
204-->[androidx.profileinstaller:profileinstaller:1.3.0] AndroidManifest.xml:44:17-85
204-->[androidx.profileinstaller:profileinstaller:1.3.0] AndroidManifest.xml:44:25-82
205            </intent-filter>
206            <intent-filter>
206-->[androidx.profileinstaller:profileinstaller:1.3.0] AndroidManifest.xml:46:13-48:29
207                <action android:name="androidx.profileinstaller.action.SAVE_PROFILE" />
207-->[androidx.profileinstaller:profileinstaller:1.3.0] AndroidManifest.xml:47:17-88
207-->[androidx.profileinstaller:profileinstaller:1.3.0] AndroidManifest.xml:47:25-85
208            </intent-filter>
209            <intent-filter>
209-->[androidx.profileinstaller:profileinstaller:1.3.0] AndroidManifest.xml:49:13-51:29
210                <action android:name="androidx.profileinstaller.action.BENCHMARK_OPERATION" />
210-->[androidx.profileinstaller:profileinstaller:1.3.0] AndroidManifest.xml:50:17-95
210-->[androidx.profileinstaller:profileinstaller:1.3.0] AndroidManifest.xml:50:25-92
211            </intent-filter>
212        </receiver>
213    </application>
214
215</manifest>